[debug] [2025-12-31T13:29:46.598Z] ----------------------------------------------------------------------
[debug] [2025-12-31T13:29:46.620Z] Command:       C:\nvm4w\nodejs\node.exe C:\nvm4w\nodejs\node_modules\firebase-tools\lib\bin\firebase.js init functions
[debug] [2025-12-31T13:29:46.624Z] CLI Version:   14.27.0
[debug] [2025-12-31T13:29:46.632Z] Platform:      win32
[debug] [2025-12-31T13:29:46.633Z] Node Version:  v22.17.1
[debug] [2025-12-31T13:29:46.633Z] Time:          Wed Dec 31 2025 18:59:46 GMT+0530 (India Standard Time)
[debug] [2025-12-31T13:29:46.633Z] ----------------------------------------------------------------------
[debug] 
[info] 
     ######## #### ########  ######## ########     ###     ######  ########
     ##        ##  ##     ## ##       ##     ##  ##   ##  ##       ##
     ######    ##  ########  ######   ########  #########  ######  ######
     ##        ##  ##    ##  ##       ##     ## ##     ##       ## ##
     ##       #### ##     ## ######## ########  ##     ##  ######  ########

You're about to initialize a Firebase project in this directory:

  C:\Users\pranj\OneDrive\Desktop\Ifinance_expense_tracker_project\Pranjal_S56_Capstone_expense_tracker_ifinance

Before we get started, keep in mind:

  * You are initializing within an existing Firebase project directory

[info] 
=== Project Setup
[info] 
[info] First, let's associate this project directory with a Firebase project.
[info] You can create multiple project aliases by running firebase use --add, 
[info] 
[debug] [2025-12-31T13:32:01.752Z] > command requires scopes: ["email","openid","https://www.googleapis.com/auth/cloudplatformprojects.readonly","https://www.googleapis.com/auth/firebase","https://www.googleapis.com/auth/cloud-platform"]
[debug] [2025-12-31T13:32:01.752Z] > authorizing via signed-in user (pranjalgosavi2507@gmail.com)
[debug] [2025-12-31T13:32:01.756Z] Checked if tokens are valid: true, expires at: 1767190669547
[debug] [2025-12-31T13:32:01.757Z] Checked if tokens are valid: true, expires at: 1767190669547
[debug] [2025-12-31T13:32:01.762Z] >>> [apiv2][query] GET https://firebase.googleapis.com/v1beta1/projects pageSize=100
[debug] [2025-12-31T13:32:02.736Z] <<< [apiv2][status] GET https://firebase.googleapis.com/v1beta1/projects 200
[debug] [2025-12-31T13:32:02.737Z] <<< [apiv2][body] GET https://firebase.googleapis.com/v1beta1/projects [omitted]
[info] 
=== Functions Setup
[debug] [2025-12-31T13:32:31.262Z] > command requires scopes: ["email","openid","https://www.googleapis.com/auth/cloudplatformprojects.readonly","https://www.googleapis.com/auth/firebase","https://www.googleapis.com/auth/cloud-platform"]
[debug] [2025-12-31T13:32:31.263Z] > authorizing via signed-in user (pranjalgosavi2507@gmail.com)
[debug] [2025-12-31T13:32:31.263Z] [iam] checking project ifinance-49da3 for permissions ["firebase.projects.get"]
[debug] [2025-12-31T13:32:31.269Z] Checked if tokens are valid: true, expires at: 1767190669547
[debug] [2025-12-31T13:32:31.269Z] Checked if tokens are valid: true, expires at: 1767190669547
[debug] [2025-12-31T13:32:31.293Z] >>> [apiv2][query] POST https://cloudresourcemanager.googleapis.com/v1/projects/ifinance-49da3:testIamPermissions [none]
[debug] [2025-12-31T13:32:31.294Z] >>> [apiv2][(partial)header] POST https://cloudresourcemanager.googleapis.com/v1/projects/ifinance-49da3:testIamPermissions x-goog-quota-user=projects/ifinance-49da3
[debug] [2025-12-31T13:32:31.294Z] >>> [apiv2][body] POST https://cloudresourcemanager.googleapis.com/v1/projects/ifinance-49da3:testIamPermissions {"permissions":["firebase.projects.get"]}
[debug] [2025-12-31T13:32:32.907Z] <<< [apiv2][status] POST https://cloudresourcemanager.googleapis.com/v1/projects/ifinance-49da3:testIamPermissions 200
[debug] [2025-12-31T13:32:32.907Z] <<< [apiv2][body] POST https://cloudresourcemanager.googleapis.com/v1/projects/ifinance-49da3:testIamPermissions {"permissions":["firebase.projects.get"]}
[debug] [2025-12-31T13:32:32.912Z] Checked if tokens are valid: true, expires at: 1767190669547
[debug] [2025-12-31T13:32:32.912Z] Checked if tokens are valid: true, expires at: 1767190669547
[debug] [2025-12-31T13:32:32.913Z] Checked if tokens are valid: true, expires at: 1767190669547
[debug] [2025-12-31T13:32:32.913Z] Checked if tokens are valid: true, expires at: 1767190669547
[debug] [2025-12-31T13:32:32.915Z] >>> [apiv2][query] GET https://serviceusage.googleapis.com/v1/projects/ifinance-49da3/services/cloudfunctions.googleapis.com [none]
[debug] [2025-12-31T13:32:32.915Z] >>> [apiv2][(partial)header] GET https://serviceusage.googleapis.com/v1/projects/ifinance-49da3/services/cloudfunctions.googleapis.com x-goog-quota-user=projects/ifinance-49da3
[debug] [2025-12-31T13:32:32.919Z] >>> [apiv2][query] GET https://serviceusage.googleapis.com/v1/projects/ifinance-49da3/services/runtimeconfig.googleapis.com [none]
[debug] [2025-12-31T13:32:32.919Z] >>> [apiv2][(partial)header] GET https://serviceusage.googleapis.com/v1/projects/ifinance-49da3/services/runtimeconfig.googleapis.com x-goog-quota-user=projects/ifinance-49da3
[debug] [2025-12-31T13:32:34.918Z] <<< [apiv2][status] GET https://serviceusage.googleapis.com/v1/projects/ifinance-49da3/services/runtimeconfig.googleapis.com 200
[debug] [2025-12-31T13:32:34.918Z] <<< [apiv2][body] GET https://serviceusage.googleapis.com/v1/projects/ifinance-49da3/services/runtimeconfig.googleapis.com [omitted]
[debug] [2025-12-31T13:32:34.992Z] <<< [apiv2][status] GET https://serviceusage.googleapis.com/v1/projects/ifinance-49da3/services/cloudfunctions.googleapis.com 200
[debug] [2025-12-31T13:32:34.994Z] <<< [apiv2][body] GET https://serviceusage.googleapis.com/v1/projects/ifinance-49da3/services/cloudfunctions.googleapis.com [omitted]
[debug] [2025-12-31T13:32:34.996Z] Checked if tokens are valid: true, expires at: 1767190669547
[debug] [2025-12-31T13:32:34.997Z] Checked if tokens are valid: true, expires at: 1767190669547
[debug] [2025-12-31T13:32:34.997Z] >>> [apiv2][query] POST https://serviceusage.googleapis.com/v1/projects/ifinance-49da3/services/cloudfunctions.googleapis.com:enable [none]
[debug] [2025-12-31T13:32:34.997Z] >>> [apiv2][(partial)header] POST https://serviceusage.googleapis.com/v1/projects/ifinance-49da3/services/cloudfunctions.googleapis.com:enable x-goog-quota-user=projects/ifinance-49da3
[debug] [2025-12-31T13:32:36.851Z] <<< [apiv2][status] POST https://serviceusage.googleapis.com/v1/projects/ifinance-49da3/services/cloudfunctions.googleapis.com:enable 200
[debug] [2025-12-31T13:32:36.852Z] <<< [apiv2][body] POST https://serviceusage.googleapis.com/v1/projects/ifinance-49da3/services/cloudfunctions.googleapis.com:enable [omitted]
[info] 
Detected existing codebase(s): default

[info] Let's create a new codebase for your functions.
[info] A directory corresponding to the codebase will be created in your project
[info] with sample code pre-configured.

[info] See https://firebase.google.com/docs/functions/organize-functions for
[info] more information on organizing your functions using codebases.

[info] Functions can be deployed with firebase deploy.

[error] functions.codebase must be unique but 'default' was used more than once.
[error] Invalid codebase name. Codebase must be less than 64 characters and can contain only lowercase letters, numeric characters, underscores, and dashes.
[debug] [2025-12-31T13:50:49.096Z] ExitPromptError: User force closed the prompt with SIGINT
    at Interface.sigint (C:\Users\pranj\AppData\Local\nvm\v22.17.1\node_modules\firebase-tools\node_modules\@inquirer\core\dist\commonjs\lib\create-prompt.js:101:37)
    at Interface.emit (node:events:518:28)
    at Interface.emit (node:domain:489:12)
    at [_ttyWrite] [as _ttyWrite] (node:internal/readline/interface:1132:18)
    at ReadStream.onkeypress (node:internal/readline/interface:271:20)
    at ReadStream.emit (node:events:530:35)
    at ReadStream.emit (node:domain:489:12)
    at emitKeys (node:internal/readline/utils:370:14)
    at emitKeys.next (<anonymous>)
    at ReadStream.onData (node:internal/readline/emitKeypressEvents:64:36)
[error] 
[error] Error: An unexpected error has occurred.
